Start testing: May 27 14:49 EDT
----------------------------------------------------------
1/8 Testing: ArrayListTests
1/8 Test: ArrayListTests
Command: "/home/rborra/DSA-in-Cpp/build/ArrayList/ArrayListTests"
Directory: /home/rborra/DSA-in-Cpp/build/ArrayList
"ArrayListTests" start time: May 27 14:49 EDT
Output:
----------------------------------------------------------
ArrayListTests: FAIL - TODO: implement ArrayList::ArrayList
<end of output>
Test time =   0.00 sec
----------------------------------------------------------
Test Failed.
"ArrayListTests" end time: May 27 14:49 EDT
"ArrayListTests" time elapsed: 00:00:00
----------------------------------------------------------

2/8 Testing: SinglyLinkedListTests
2/8 Test: SinglyLinkedListTests
Command: "/home/rborra/DSA-in-Cpp/build/SinglyLinkedList/SinglyLinkedListTests"
Directory: /home/rborra/DSA-in-Cpp/build/SinglyLinkedList
"SinglyLinkedListTests" start time: May 27 14:49 EDT
Output:
----------------------------------------------------------
SinglyLinkedListTests: FAIL - TODO: implement SinglyLinkedList::SinglyLinkedList
<end of output>
Test time =   0.00 sec
----------------------------------------------------------
Test Failed.
"SinglyLinkedListTests" end time: May 27 14:49 EDT
"SinglyLinkedListTests" time elapsed: 00:00:00
----------------------------------------------------------

3/8 Testing: DoublyLinkedListTests
3/8 Test: DoublyLinkedListTests
Command: "/home/rborra/DSA-in-Cpp/build/DoublyLinkedList/DoublyLinkedListTests"
Directory: /home/rborra/DSA-in-Cpp/build/DoublyLinkedList
"DoublyLinkedListTests" start time: May 27 14:49 EDT
Output:
----------------------------------------------------------
DoublyLinkedListTests: FAIL - TODO: implement DoublyLinkedList::DoublyLinkedList
<end of output>
Test time =   0.00 sec
----------------------------------------------------------
Test Failed.
"DoublyLinkedListTests" end time: May 27 14:49 EDT
"DoublyLinkedListTests" time elapsed: 00:00:00
----------------------------------------------------------

4/8 Testing: CircularLinkedListTests
4/8 Test: CircularLinkedListTests
Command: "/home/rborra/DSA-in-Cpp/build/CircularLinkedList/CircularLinkedListTests"
Directory: /home/rborra/DSA-in-Cpp/build/CircularLinkedList
"CircularLinkedListTests" start time: May 27 14:49 EDT
Output:
----------------------------------------------------------
CircularLinkedListTests: FAIL - TODO: implement CircularLinkedList::CircularLinkedList
<end of output>
Test time =   0.00 sec
----------------------------------------------------------
Test Failed.
"CircularLinkedListTests" end time: May 27 14:49 EDT
"CircularLinkedListTests" time elapsed: 00:00:00
----------------------------------------------------------

5/8 Testing: StackArrayTests
5/8 Test: StackArrayTests
Command: "/home/rborra/DSA-in-Cpp/build/StackArray/StackArrayTests"
Directory: /home/rborra/DSA-in-Cpp/build/StackArray
"StackArrayTests" start time: May 27 14:49 EDT
Output:
----------------------------------------------------------
StackArrayTests: FAIL - TODO: implement StackArray::StackArray
<end of output>
Test time =   0.00 sec
----------------------------------------------------------
Test Failed.
"StackArrayTests" end time: May 27 14:49 EDT
"StackArrayTests" time elapsed: 00:00:00
----------------------------------------------------------

6/8 Testing: QueueArrayTests
6/8 Test: QueueArrayTests
Command: "/home/rborra/DSA-in-Cpp/build/QueueArray/QueueArrayTests"
Directory: /home/rborra/DSA-in-Cpp/build/QueueArray
"QueueArrayTests" start time: May 27 14:49 EDT
Output:
----------------------------------------------------------
QueueArrayTests: FAIL - TODO: implement QueueArray::QueueArray
<end of output>
Test time =   0.00 sec
----------------------------------------------------------
Test Failed.
"QueueArrayTests" end time: May 27 14:49 EDT
"QueueArrayTests" time elapsed: 00:00:00
----------------------------------------------------------

7/8 Testing: BinarySearchTreeTests
7/8 Test: BinarySearchTreeTests
Command: "/home/rborra/DSA-in-Cpp/build/BinarySearchTree/BinarySearchTreeTests"
Directory: /home/rborra/DSA-in-Cpp/build/BinarySearchTree
"BinarySearchTreeTests" start time: May 27 14:49 EDT
Output:
----------------------------------------------------------
BinarySearchTreeTests: FAIL - TODO: implement BinarySearchTree::BinarySearchTree
<end of output>
Test time =   0.00 sec
----------------------------------------------------------
Test Failed.
"BinarySearchTreeTests" end time: May 27 14:49 EDT
"BinarySearchTreeTests" time elapsed: 00:00:00
----------------------------------------------------------

8/8 Testing: HeapTests
8/8 Test: HeapTests
Command: "/home/rborra/DSA-in-Cpp/build/Heap/HeapTests"
Directory: /home/rborra/DSA-in-Cpp/build/Heap
"HeapTests" start time: May 27 14:49 EDT
Output:
----------------------------------------------------------
HeapTests: FAIL - TODO: implement MinHeap::MinHeap
<end of output>
Test time =   0.00 sec
----------------------------------------------------------
Test Failed.
"HeapTests" end time: May 27 14:49 EDT
"HeapTests" time elapsed: 00:00:00
----------------------------------------------------------

End testing: May 27 14:49 EDT
