<?xml version="1.0" encoding="UTF-8"?>
<Site BuildName="(empty)"
	BuildStamp="20260527-1907-Experimental"
	Name="(empty)"
	Generator="ctest-3.28.3"
	CompilerName=""
	CompilerVersion=""
	OSName="Linux"
	Hostname="LAPTOP-4KN33OUI"
	OSRelease="6.6.114.1-microsoft-standard-WSL2"
	OSVersion="#1 SMP PREEMPT_DYNAMIC Mon Dec  1 20:48:54 UTC 2025"
	OSPlatform="aarch64"
	Is64Bits="1"
	VendorString=""
	VendorID="Unknown Manufacturer"
	FamilyID="8"
	ModelID="0"
	ProcessorCacheSize="0"
	NumberOfLogicalCPU="12"
	NumberOfPhysicalCPU="1"
	TotalVirtualMemory="4096"
	TotalPhysicalMemory="15745"
	LogicalProcessorsPerPhysical="12"
	ProcessorClockFrequency="0"
	>
	<Testing>
		<StartDateTime>May 27 15:07 EDT</StartDateTime>
		<StartTestTime>1779908860</StartTestTime>
		<TestList/>
		<EndDateTime>May 27 15:07 EDT</EndDateTime>
		<EndTestTime>1779908860</EndTestTime>
		<ElapsedMinutes>0</ElapsedMinutes>
	</Testing>
</Site>
